<?xml version="1.0" encoding="UTF-8"?>
<!-- Generated by org.testng.reporters.JUnitReportReporter -->
<testsuite hostname="ICS-LT-7T7X8C3" failures="0" tests="5" name="testCases.TC003_Login_DDT" time="31.604" errors="0" timestamp="2025-06-01T16:34:00 IST" skipped="0">
  <testcase classname="testCases.TC003_Login_DDT" name="verifyloginddt" time="11.679"/>
  <testcase classname="testCases.TC003_Login_DDT" name="verifyloginddt" time="11.879"/>
  <testcase classname="testCases.TC003_Login_DDT" name="verifyloginddt" time="2.341"/>
  <testcase classname="testCases.TC003_Login_DDT" name="verifyloginddt" time="2.776"/>
  <testcase classname="testCases.TC003_Login_DDT" name="verifyloginddt" time="2.929"/>
</testsuite> <!-- testCases.TC003_Login_DDT -->
