<?xml version="1.0" encoding="UTF-8"?>
<!-- Generated by org.testng.reporters.JUnitReportReporter -->
<testsuite hostname="ICS-LT-7T7X8C3" failures="0" tests="1" name="testCases.TC001_AccountRegistration" time="1.729" errors="0" timestamp="2025-06-03T19:43:00 IST" skipped="0">
  <testcase classname="testCases.TC001_AccountRegistration" name="Verify_Account_Registration" time="1.729"/>
</testsuite> <!-- testCases.TC001_AccountRegistration -->
