<?xml version="1.0" encoding="UTF-8"?>
<!-- Generated by org.testng.reporters.JUnitReportReporter -->
<testsuite hostname="ICS-LT-7T7X8C3" failures="0" tests="1" name="testCases.TC002_VerifyMyAccountDisplayed" time="1.256" errors="0" timestamp="2025-06-03T19:43:00 IST" skipped="0">
  <testcase classname="testCases.TC002_VerifyMyAccountDisplayed" name="verifyVerifyMyAccountDisplayed" time="1.256"/>
</testsuite> <!-- testCases.TC002_VerifyMyAccountDisplayed -->
